<?xml version="1.0" encoding="UTF-8"?>
<!-- Generated by org.testng.reporters.JUnitReportReporter -->
<testsuite hostname="PRFT-15050" failures="0" tests="1" name="xbox.testcases.XboxGamertagVerify" time="8.125" errors="0" timestamp="28 Jan 2022 21:02:24 GMT">
  <testcase classname="xbox.testcases.XboxGamertagVerify" name="openNewGamer" time="8.125"/>
</testsuite> <!-- xbox.testcases.XboxGamertagVerify -->
